<?xml version="1.0" encoding="UTF-8"?>
<testng-results ignored="0" total="1" passed="1" failed="0" skipped="0">
  <reporter-output>
  </reporter-output>
  <suite started-at="2024-01-27T18:31:34 IST" name="Surefire suite" finished-at="2024-01-27T18:31:53 IST" duration-ms="19065">
    <groups>
    </groups>
    <test started-at="2024-01-27T18:31:34 IST" name="Surefire test" finished-at="2024-01-27T18:31:53 IST" duration-ms="19065">
      <class name="driverFactory.AppTest">
        <test-method signature="KickStart()[pri:0, instance:driverFactory.AppTest@6a03bcb1]" started-at="2024-01-27T18:31:34 IST" name="KickStart" finished-at="2024-01-27T18:31:53 IST" duration-ms="18898" status="PASS">
          <reporter-output>
          </reporter-output>
        </test-method> <!-- KickStart -->
      </class> <!-- driverFactory.AppTest -->
    </test> <!-- Surefire test -->
  </suite> <!-- Surefire suite -->
</testng-results>
